

processing file: wildfire_report.Rmd

  |                                                                            
  |                                                                      |   0%
  |                                                                            
  |....                                                                  |   6%
   inline R code fragments


  |                                                                            
  |........                                                              |  12%
label: unnamed-chunk-1 (with options) 
List of 1
 $ include: logi FALSE


  |                                                                            
  |............                                                          |  18%
  ordinary text without R code


  |                                                                            
  |................                                                      |  24%
label: unnamed-chunk-2
Linking to GEOS 3.8.1, GDAL 3.1.1, PROJ 6.3.1
── Attaching packages ─────────────────────────────────────── tidyverse 1.3.0 ──
✔ ggplot2 3.3.2     ✔ purrr   0.3.4
✔ tibble  3.0.3     ✔ dplyr   1.0.1
✔ tidyr   1.1.1     ✔ stringr 1.4.0
✔ readr   1.3.1     ✔ forcats 0.5.0
── Conflicts ────────────────────────────────────────── tidyverse_conflicts() ──
✖ dplyr::filter() masks stats::filter()
✖ dplyr::lag()    masks stats::lag()
udunits system database from /Library/Frameworks/R.framework/Versions/4.0/Resources/library/units/share/udunits

Attaching package: 'plotly'

The following object is masked from 'package:ggplot2':

    last_plot

The following object is masked from 'package:stats':

    filter

The following object is masked from 'package:graphics':

    layout


  |                                                                            
  |.....................                                                 |  29%
  ordinary text without R code


  |                                                                            
  |.........................                                             |  35%
label: unnamed-chunk-3
trying URL 'https://firms.modaps.eosdis.nasa.gov/data/active_fire/suomi-npp-viirs-c2/shapes/zips/SUOMI_VIIRS_C2_Global_24h.zip'
Content type 'application/zip' length 3545738 bytes (3.4 MB)
==================================================
downloaded 3.4 MB


  |                                                                            
  |.............................                                         |  41%
  ordinary text without R code


  |                                                                            
  |.................................                                     |  47%
label: unnamed-chunk-4

  |                                                                            
  |.....................................                                 |  53%
  ordinary text without R code


  |                                                                            
  |.........................................                             |  59%
label: unnamed-chunk-5

  |                                                                            
  |.............................................                         |  65%
  ordinary text without R code


  |                                                                            
  |.................................................                     |  71%
label: unnamed-chunk-6 (with options) 
List of 2
 $ out.width : chr "1000px"
 $ out.height: chr "1000px"


  |                                                                            
  |......................................................                |  76%
  ordinary text without R code


  |                                                                            
  |..........................................................            |  82%
label: unnamed-chunk-7
`summarise()` ungrouping output (override with `.groups` argument)

  |                                                                            
  |..............................................................        |  88%
  ordinary text without R code


  |                                                                            
  |..................................................................    |  94%
label: unnamed-chunk-8 (with options) 
List of 3
 $ message: logi FALSE
 $ include: logi FALSE
 $ engine : chr "bash"


  |                                                                            
  |......................................................................| 100%
  ordinary text without R code


output file: wildfire_report.knit.md

/Users/matthewcoleman/opt/anaconda3/bin/pandoc +RTS -K512m -RTS wildfire_report.utf8.md --to html4 --from markdown+autolink_bare_uris+tex_math_single_backslash --output wildfire_report.html --email-obfuscation none --self-contained --standalone --section-divs --template /Library/Frameworks/R.framework/Versions/4.0/Resources/library/rmarkdown/rmd/h/default.html --no-highlight --variable highlightjs=1 --variable 'theme:journal' --include-in-header /var/folders/qj/3thyfhy105v4kgb30bccw_n40000gn/T//RtmptcRVs4/rmarkdown-str56cd54f6aaf6.html --mathjax --variable 'mathjax-url:https://mathjax.rstudio.com/latest/MathJax.js?config=TeX-AMS-MML_HTMLorMML' --lua-filter /Library/Frameworks/R.framework/Versions/4.0/Resources/library/rmarkdown/rmd/lua/pagebreak.lua --lua-filter /Library/Frameworks/R.framework/Versions/4.0/Resources/library/rmarkdown/rmd/lua/latex-div.lua 

Output created: wildfire_report.html


processing file: wildfire_report.Rmd

  |                                                                            
  |                                                                      |   0%
  |                                                                            
  |....                                                                  |   6%
   inline R code fragments


  |                                                                            
  |........                                                              |  12%
label: unnamed-chunk-1 (with options) 
List of 1
 $ include: logi FALSE


  |                                                                            
  |............                                                          |  18%
  ordinary text without R code


  |                                                                            
  |................                                                      |  24%
label: unnamed-chunk-2
Linking to GEOS 3.8.1, GDAL 3.1.1, PROJ 6.3.1
── Attaching packages ─────────────────────────────────────── tidyverse 1.3.0 ──
✔ ggplot2 3.3.2     ✔ purrr   0.3.4
✔ tibble  3.0.3     ✔ dplyr   1.0.1
✔ tidyr   1.1.1     ✔ stringr 1.4.0
✔ readr   1.3.1     ✔ forcats 0.5.0
── Conflicts ────────────────────────────────────────── tidyverse_conflicts() ──
✖ dplyr::filter() masks stats::filter()
✖ dplyr::lag()    masks stats::lag()
udunits system database from /Library/Frameworks/R.framework/Versions/4.0/Resources/library/units/share/udunits

Attaching package: 'plotly'

The following object is masked from 'package:ggplot2':

    last_plot

The following object is masked from 'package:stats':

    filter

The following object is masked from 'package:graphics':

    layout


  |                                                                            
  |.....................                                                 |  29%
  ordinary text without R code


  |                                                                            
  |.........................                                             |  35%
label: unnamed-chunk-3
trying URL 'https://firms.modaps.eosdis.nasa.gov/data/active_fire/suomi-npp-viirs-c2/shapes/zips/SUOMI_VIIRS_C2_Global_24h.zip'
Content type 'application/zip' length 3545738 bytes (3.4 MB)
==================================================
downloaded 3.4 MB


  |                                                                            
  |.............................                                         |  41%
  ordinary text without R code


  |                                                                            
  |.................................                                     |  47%
label: unnamed-chunk-4

  |                                                                            
  |.....................................                                 |  53%
  ordinary text without R code


  |                                                                            
  |.........................................                             |  59%
label: unnamed-chunk-5

  |                                                                            
  |.............................................                         |  65%
  ordinary text without R code


  |                                                                            
  |.................................................                     |  71%
label: unnamed-chunk-6 (with options) 
List of 2
 $ out.width : chr "1000px"
 $ out.height: chr "1000px"


  |                                                                            
  |......................................................                |  76%
  ordinary text without R code


  |                                                                            
  |..........................................................            |  82%
label: unnamed-chunk-7
`summarise()` ungrouping output (override with `.groups` argument)

  |                                                                            
  |..............................................................        |  88%
  ordinary text without R code


  |                                                                            
  |..................................................................    |  94%
label: unnamed-chunk-8 (with options) 
List of 3
 $ message: logi FALSE
 $ include: logi FALSE
 $ engine : chr "bash"


  |                                                                            
  |......................................................................| 100%
  ordinary text without R code


output file: wildfire_report.knit.md

/Users/matthewcoleman/opt/anaconda3/bin/pandoc +RTS -K512m -RTS wildfire_report.utf8.md --to html4 --from markdown+autolink_bare_uris+tex_math_single_backslash --output wildfire_report.html --email-obfuscation none --self-contained --standalone --section-divs --template /Library/Frameworks/R.framework/Versions/4.0/Resources/library/rmarkdown/rmd/h/default.html --no-highlight --variable highlightjs=1 --variable 'theme:journal' --include-in-header /var/folders/qj/3thyfhy105v4kgb30bccw_n40000gn/T//RtmpNgWaBG/rmarkdown-str57094d2a10c5.html --mathjax --variable 'mathjax-url:https://mathjax.rstudio.com/latest/MathJax.js?config=TeX-AMS-MML_HTMLorMML' --lua-filter /Library/Frameworks/R.framework/Versions/4.0/Resources/library/rmarkdown/rmd/lua/pagebreak.lua --lua-filter /Library/Frameworks/R.framework/Versions/4.0/Resources/library/rmarkdown/rmd/lua/latex-div.lua 

Output created: wildfire_report.html


processing file: wildfire_report.Rmd

  |                                                                            
  |                                                                      |   0%
  |                                                                            
  |....                                                                  |   6%
   inline R code fragments


  |                                                                            
  |........                                                              |  12%
label: unnamed-chunk-1 (with options) 
List of 1
 $ include: logi FALSE


  |                                                                            
  |............                                                          |  18%
  ordinary text without R code


  |                                                                            
  |................                                                      |  24%
label: unnamed-chunk-2
Linking to GEOS 3.8.1, GDAL 3.1.1, PROJ 6.3.1
── Attaching packages ─────────────────────────────────────────────────────────────────────── tidyverse 1.3.0 ──
✓ ggplot2 3.3.2     ✓ purrr   0.3.4
✓ tibble  3.0.3     ✓ dplyr   1.0.1
✓ tidyr   1.1.1     ✓ stringr 1.4.0
✓ readr   1.3.1     ✓ forcats 0.5.0
── Conflicts ────────────────────────────────────────────────────────────────────────── tidyverse_conflicts() ──
x dplyr::filter() masks stats::filter()
x dplyr::lag()    masks stats::lag()
udunits system database from /Library/Frameworks/R.framework/Versions/4.0/Resources/library/units/share/udunits

Attaching package: 'plotly'

The following object is masked from 'package:ggplot2':

    last_plot

The following object is masked from 'package:stats':

    filter

The following object is masked from 'package:graphics':

    layout


  |                                                                            
  |.....................                                                 |  29%
  ordinary text without R code


  |                                                                            
  |.........................                                             |  35%
label: unnamed-chunk-3
trying URL 'https://firms.modaps.eosdis.nasa.gov/data/active_fire/suomi-npp-viirs-c2/shapes/zips/SUOMI_VIIRS_C2_Global_24h.zip'
Content type 'application/zip' length 3545738 bytes (3.4 MB)
==================================================
downloaded 3.4 MB



processing file: wildfire_report.Rmd

  |                                                                            
  |                                                                      |   0%
  |                                                                            
  |....                                                                  |   6%
   inline R code fragments


  |                                                                            
  |........                                                              |  12%
label: unnamed-chunk-1 (with options) 
List of 1
 $ include: logi FALSE


  |                                                                            
  |............                                                          |  18%
  ordinary text without R code


  |                                                                            
  |................                                                      |  24%
label: unnamed-chunk-2
Linking to GEOS 3.8.1, GDAL 3.1.1, PROJ 6.3.1




Execution halted
Execution halted


processing file: wildfire_report.Rmd

  |                                                                            
  |                                                                      |   0%
  |                                                                            
  |....                                                                  |   6%
   inline R code fragments


  |                                                                            
  |........                                                              |  12%
label: unnamed-chunk-1 (with options) 
List of 1
 $ include: logi FALSE


  |                                                                            
  |............                                                          |  18%
  ordinary text without R code


  |                                                                            
  |................                                                      |  24%
label: unnamed-chunk-2
Linking to GEOS 3.8.1, GDAL 3.1.1, PROJ 6.3.1
── Attaching packages ─────────────────────────────────────────────────────────────────────── tidyverse 1.3.0 ──
✓ ggplot2 3.3.2     ✓ purrr   0.3.4
✓ tibble  3.0.3     ✓ dplyr   1.0.1
✓ tidyr   1.1.1     ✓ stringr 1.4.0
✓ readr   1.3.1     ✓ forcats 0.5.0
── Conflicts ────────────────────────────────────────────────────────────────────────── tidyverse_conflicts() ──
x dplyr::filter() masks stats::filter()
x dplyr::lag()    masks stats::lag()
udunits system database from /Library/Frameworks/R.framework/Versions/4.0/Resources/library/units/share/udunits

Attaching package: 'plotly'

The following object is masked from 'package:ggplot2':

    last_plot

The following object is masked from 'package:stats':

    filter

The following object is masked from 'package:graphics':

    layout


  |                                                                            
  |.....................                                                 |  29%
  ordinary text without R code


  |                                                                            
  |.........................                                             |  35%
label: unnamed-chunk-3
trying URL 'https://firms.modaps.eosdis.nasa.gov/data/active_fire/suomi-npp-viirs-c2/shapes/zips/SUOMI_VIIRS_C2_Global_24h.zip'


Execution halted

  |                                                                            
  |                                                                      |   0%
  |                                                                            
  |....                                                                  |   6%
   inline R code fragments


  |                                                                            
  |........                                                              |  12%
label: unnamed-chunk-1 (with options) 
List of 1
 $ include: logi FALSE


  |                                                                            
  |............                                                          |  18%
  ordinary text without R code


  |                                                                            
  |................                                                      |  24%
label: unnamed-chunk-2

  |                                                                            
  |.....................                                                 |  29%
  ordinary text without R code


  |                                                                            
  |.........................                                             |  35%
label: unnamed-chunk-3

  |                                                                            
  |.............................                                         |  41%
  ordinary text without R code


  |                                                                            
  |.................................                                     |  47%
label: unnamed-chunk-4

  |                                                                            
  |.....................................                                 |  53%
  ordinary text without R code


  |                                                                            
  |.........................................                             |  59%
label: unnamed-chunk-5

  |                                                                            
  |.............................................                         |  65%
  ordinary text without R code


  |                                                                            
  |.................................................                     |  71%
label: unnamed-chunk-6 (with options) 
List of 2
 $ out.width : chr "1000px"
 $ out.height: chr "1000px"


  |                                                                            
  |......................................................                |  76%
  ordinary text without R code


  |                                                                            
  |..........................................................            |  82%
label: unnamed-chunk-7

  |                                                                            
  |..............................................................        |  88%
  ordinary text without R code


  |                                                                            
  |..................................................................    |  94%
label: unnamed-chunk-8 (with options) 
List of 3
 $ message: logi FALSE
 $ include: logi FALSE
 $ engine : chr "bash"


  |                                                                            
  |......................................................................| 100%
  ordinary text without R code


/Applications/RStudio.app/Contents/MacOS/pandoc/pandoc +RTS -K512m -RTS wildfire_report.utf8.md --to html4 --from markdown+autolink_bare_uris+tex_math_single_backslash --output wildfire_report.html --email-obfuscation none --self-contained --standalone --section-divs --template /Library/Frameworks/R.framework/Versions/4.0/Resources/library/rmarkdown/rmd/h/default.html --no-highlight --variable highlightjs=1 --variable 'theme:journal' --include-in-header /var/folders/qj/3thyfhy105v4kgb30bccw_n40000gn/T//RtmpGizQXC/rmarkdown-str5b8a7de1d3ba.html --mathjax --variable 'mathjax-url:https://mathjax.rstudio.com/latest/MathJax.js?config=TeX-AMS-MML_HTMLorMML' --lua-filter /Library/Frameworks/R.framework/Versions/4.0/Resources/library/rmarkdown/rmd/lua/pagebreak.lua --lua-filter /Library/Frameworks/R.framework/Versions/4.0/Resources/library/rmarkdown/rmd/lua/latex-div.lua 


processing file: wildfire_report.Rmd

  |                                                                            
  |                                                                      |   0%
  |                                                                            
  |....                                                                  |   6%
   inline R code fragments


  |                                                                            
  |........                                                              |  12%
label: unnamed-chunk-1 (with options) 
List of 1
 $ include: logi FALSE


  |                                                                            
  |............                                                          |  18%
  ordinary text without R code


  |                                                                            
  |................                                                      |  24%
label: unnamed-chunk-2
Linking to GEOS 3.8.1, GDAL 3.1.1, PROJ 6.3.1
── Attaching packages ─────────────────────────────────────────────────────────────────────── tidyverse 1.3.0 ──
✓ ggplot2 3.3.2     ✓ purrr   0.3.4
✓ tibble  3.0.3     ✓ dplyr   1.0.1
✓ tidyr   1.1.1     ✓ stringr 1.4.0
✓ readr   1.3.1     ✓ forcats 0.5.0
── Conflicts ────────────────────────────────────────────────────────────────────────── tidyverse_conflicts() ──
x dplyr::filter() masks stats::filter()
x dplyr::lag()    masks stats::lag()
udunits system database from /Library/Frameworks/R.framework/Versions/4.0/Resources/library/units/share/udunits

Attaching package: 'plotly'

The following object is masked from 'package:ggplot2':

    last_plot

The following object is masked from 'package:stats':

    filter

The following object is masked from 'package:graphics':

    layout


  |                                                                            
  |.....................                                                 |  29%
  ordinary text without R code


  |                                                                            
  |.........................                                             |  35%
label: unnamed-chunk-3
trying URL 'https://firms.modaps.eosdis.nasa.gov/data/active_fire/suomi-npp-viirs-c2/shapes/zips/SUOMI_VIIRS_C2_Global_24h.zip'
Content type 'application/zip' length 5089046 bytes (4.9 MB)
==================================================
downloaded 4.9 MB



Execution halted


processing file: wildfire_report.Rmd

  |                                                                            
  |                                                                      |   0%
  |                                                                            
  |....                                                                  |   6%
   inline R code fragments


  |                                                                            
  |........                                                              |  12%
label: unnamed-chunk-1 (with options) 
List of 1
 $ include: logi FALSE


  |                                                                            
  |............                                                          |  18%
  ordinary text without R code


  |                                                                            
  |................                                                      |  24%
label: unnamed-chunk-2
Linking to GEOS 3.8.1, GDAL 3.1.1, PROJ 6.3.1
── Attaching packages ─────────────────────────────────────────────────────────────────────── tidyverse 1.3.0 ──
✓ ggplot2 3.3.2     ✓ purrr   0.3.4
✓ tibble  3.0.3     ✓ dplyr   1.0.1
✓ tidyr   1.1.1     ✓ stringr 1.4.0
✓ readr   1.3.1     ✓ forcats 0.5.0
── Conflicts ────────────────────────────────────────────────────────────────────────── tidyverse_conflicts() ──
x dplyr::filter() masks stats::filter()
x dplyr::lag()    masks stats::lag()
udunits system database from /Library/Frameworks/R.framework/Versions/4.0/Resources/library/units/share/udunits

Attaching package: 'plotly'

The following object is masked from 'package:ggplot2':

    last_plot

The following object is masked from 'package:stats':

    filter

The following object is masked from 'package:graphics':

    layout


  |                                                                            
  |.....................                                                 |  29%
  ordinary text without R code


  |                                                                            
  |.........................                                             |  35%
label: unnamed-chunk-3
trying URL 'https://firms.modaps.eosdis.nasa.gov/data/active_fire/suomi-npp-viirs-c2/shapes/zips/SUOMI_VIIRS_C2_Global_24h.zip'


Execution halted


processing file: wildfire_report.Rmd

  |                                                                            
  |                                                                      |   0%
  |                                                                            
  |....                                                                  |   6%
   inline R code fragments


  |                                                                            
  |........                                                              |  12%
label: unnamed-chunk-1 (with options) 
List of 1
 $ include: logi FALSE


  |                                                                            
  |............                                                          |  18%
  ordinary text without R code


  |                                                                            
  |................                                                      |  24%
label: unnamed-chunk-2
Linking to GEOS 3.8.1, GDAL 3.1.1, PROJ 6.3.1


processing file: wildfire_report.Rmd
── Attaching packages ─────────────────────────────────────────────────────────────────────── tidyverse 1.3.0 ──

  |                                                                            
  |                                                                      |   0%
  |                                                                            
  |....                                                                  |   6%
   inline R code fragments

✓ ggplot2 3.3.2     ✓ purrr   0.3.4
✓ tibble  3.0.3     ✓ dplyr   1.0.1
✓ tidyr   1.1.1     ✓ stringr 1.4.0
✓ readr   1.3.1     ✓ forcats 0.5.0

  |                                                                            
  |........                                                              |  12%
label: unnamed-chunk-1 (with options) 
List of 1
 $ include: logi FALSE



processing file: wildfire_report.Rmd

  |                                                                            
  |............                                                          |  18%
  ordinary text without R code


  |                                                                            
  |................                                                      |  24%
label: unnamed-chunk-2

  |                                                                            
  |                                                                      |   0%
  |                                                                            
  |....                                                                  |   6%
   inline R code fragments


  |                                                                            
  |........                                                              |  12%
label: unnamed-chunk-1 (with options) 
List of 1
 $ include: logi FALSE

── Conflicts ────────────────────────────────────────────────────────────────────────── tidyverse_conflicts() ──
x dplyr::filter() masks stats::filter()
x dplyr::lag()    masks stats::lag()

  |                                                                            
  |............                                                          |  18%
  ordinary text without R code


  |                                                                            
  |................                                                      |  24%
label: unnamed-chunk-2
udunits system database from /Library/Frameworks/R.framework/Versions/4.0/Resources/library/units/share/udunits


processing file: wildfire_report.Rmd

  |                                                                            
  |                                                                      |   0%
  |                                                                            
  |....                                                                  |   6%
   inline R code fragments


  |                                                                            
  |........                                                              |  12%


processing file: wildfire_report.Rmd
label: unnamed-chunk-1 (with options) 
List of 1
 $ include: logi FALSE


  |                                                                            
  |                                                                      |   0%
  |                                                                            
  |....                                                                  |   6%
   inline R code fragments


Attaching package: 'plotly'


  |                                                                            
  |............                                                          |  18%
  ordinary text without R code


  |                                                                            
  |................                                                      |  24%
The following object is masked from 'package:ggplot2':

    last_plot

label: unnamed-chunk-2
The following object is masked from 'package:stats':

    filter

The following object is masked from 'package:graphics':

    layout


  |                                                                            
  |.....................                                                 |  29%
  ordinary text without R code


  |                                                                            
  |.........................                                             |  35%
label: unnamed-chunk-3

  |                                                                            
  |........                                                              |  12%
label: unnamed-chunk-1 (with options) 
List of 1
 $ include: logi FALSE

trying URL 'https://firms.modaps.eosdis.nasa.gov/data/active_fire/suomi-npp-viirs-c2/shapes/zips/SUOMI_VIIRS_C2_Global_24h.zip'

  |                                                                            
  |............                                                          |  18%
  ordinary text without R code


  |                                                                            
  |................                                                      |  24%
label: unnamed-chunk-2


processing file: wildfire_report.Rmd
Linking to GEOS 3.8.1, GDAL 3.1.1, PROJ 6.3.1

  |                                                                            
  |                                                                      |   0%
  |                                                                            
  |....                                                                  |   6%
   inline R code fragments


  |                                                                            
  |........                                                              |  12%
label: unnamed-chunk-1 (with options) 
List of 1
 $ include: logi FALSE


  |                                                                            
  |............                                                          |  18%
  ordinary text without R code


  |                                                                            
  |................                                                      |  24%
label: unnamed-chunk-2
Linking to GEOS 3.8.1, GDAL 3.1.1, PROJ 6.3.1
Linking to GEOS 3.8.1, GDAL 3.1.1, PROJ 6.3.1
Linking to GEOS 3.8.1, GDAL 3.1.1, PROJ 6.3.1
Linking to GEOS 3.8.1, GDAL 3.1.1, PROJ 6.3.1


processing file: wildfire_report.Rmd
Content type 'application/zip' length 5682363 bytes (5.4 MB)
── Attaching packages ─────────────────────────────────────────────────────────────────────── tidyverse 1.3.0 ──
✓ ggplot2 3.3.2     ✓ purrr   0.3.4
✓ tibble  3.0.3     ✓ dplyr   1.0.1
✓ tidyr   1.1.1     ✓ stringr 1.4.0
✓ readr   1.3.1     ✓ forcats 0.5.0

  |                                                                            
  |                                                                      |   0%
  |                                                                            
  |....                                                                  |   6%
   inline R code fragments


  |                                                                            
  |........                                                              |  12%
label: unnamed-chunk-1 (with options) 
List of 1
 $ include: logi FALSE


  |                                                                            
  |............                                                          |  18%
  ordinary text without R code


  |                                                                            
  |................                                                      |  24%
label: unnamed-chunk-2
── Attaching packages ─────────────────────────────────────────────────────────────────────── tidyverse 1.3.0 ──
✓ ggplot2 3.3.2     ✓ purrr   0.3.4
✓ tibble  3.0.3     ✓ dplyr   1.0.1
✓ tidyr   1.1.1     ✓ stringr 1.4.0
✓ readr   1.3.1     ✓ forcats 0.5.0
── Conflicts ────────────────────────────────────────────────────────────────────────── tidyverse_conflicts() ──
x dplyr::filter() masks stats::filter()
x dplyr::lag()    masks stats::lag()
=udunits system database from /Library/Frameworks/R.framework/Versions/4.0/Resources/library/units/share/udunits
── Conflicts ────────────────────────────────────────────────────────────────────────── tidyverse_conflicts() ──
x dplyr::filter() masks stats::filter()
x dplyr::lag()    masks stats::lag()
=── Attaching packages ─────────────────────────────────────────────────────────────────────── tidyverse 1.3.0 ──
✓ ggplot2 3.3.2     ✓ purrr   0.3.4
✓ tibble  3.0.3     ✓ dplyr   1.0.1
✓ tidyr   1.1.1     ✓ stringr 1.4.0
✓ readr   1.3.1     ✓ forcats 0.5.0
udunits system database from /Library/Frameworks/R.framework/Versions/4.0/Resources/library/units/share/udunits

Attaching package: 'plotly'

The following object is masked from 'package:ggplot2':

    last_plot

The following object is masked from 'package:stats':

    filter

The following object is masked from 'package:graphics':

    layout


  |                                                                            
  |.....................                                                 |  29%
  ordinary text without R code


  |                                                                            
  |.........................                                             |  35%
label: unnamed-chunk-3
trying URL 'https://firms.modaps.eosdis.nasa.gov/data/active_fire/suomi-npp-viirs-c2/shapes/zips/SUOMI_VIIRS_C2_Global_24h.zip'
── Attaching packages ─────────────────────────────────────────────────────────────────────── tidyverse 1.3.0 ──
=✓ ggplot2 3.3.2     ✓ purrr   0.3.4
✓ tibble  3.0.3     ✓ dplyr   1.0.1
✓ tidyr   1.1.1     ✓ stringr 1.4.0
✓ readr   1.3.1     ✓ forcats 0.5.0
=── Conflicts ────────────────────────────────────────────────────────────────────────── tidyverse_conflicts() ──
x dplyr::filter() masks stats::filter()
x dplyr::lag()    masks stats::lag()

Attaching package: 'plotly'

The following object is masked from 'package:ggplot2':

    last_plot

The following object is masked from 'package:stats':

    filter

The following object is masked from 'package:graphics':

    layout


  |                                                                            
  |.....................                                                 |  29%
  ordinary text without R code


  |                                                                            
  |.........................                                             |  35%
label: unnamed-chunk-3
trying URL 'https://firms.modaps.eosdis.nasa.gov/data/active_fire/suomi-npp-viirs-c2/shapes/zips/SUOMI_VIIRS_C2_Global_24h.zip'
── Conflicts ────────────────────────────────────────────────────────────────────────── tidyverse_conflicts() ──
x dplyr::filter() masks stats::filter()
x dplyr::lag()    masks stats::lag()
udunits system database from /Library/Frameworks/R.framework/Versions/4.0/Resources/library/units/share/udunits
===Linking to GEOS 3.8.1, GDAL 3.1.1, PROJ 6.3.1
── Attaching packages ─────────────────────────────────────────────────────────────────────── tidyverse 1.3.0 ──
✓ ggplot2 3.3.2     ✓ purrr   0.3.4
✓ tibble  3.0.3     ✓ dplyr   1.0.1
✓ tidyr   1.1.1     ✓ stringr 1.4.0
✓ readr   1.3.1     ✓ forcats 0.5.0







Execution halted

Execution halted
Execution halted
Execution halted




Execution halted
Execution halted
===========================================
downloaded 5.4 MB



Execution halted


processing file: wildfire_report.Rmd

  |                                                                            
  |                                                                      |   0%
  |                                                                            
  |....                                                                  |   6%
   inline R code fragments


  |                                                                            
  |........                                                              |  12%
label: unnamed-chunk-1 (with options) 
List of 1
 $ include: logi FALSE


  |                                                                            
  |............                                                          |  18%
  ordinary text without R code


  |                                                                            
  |................                                                      |  24%
label: unnamed-chunk-2
Linking to GEOS 3.8.1, GDAL 3.1.1, PROJ 6.3.1
── Attaching packages ─────────────────────────────────────────────────────────────────────── tidyverse 1.3.0 ──
✓ ggplot2 3.3.2     ✓ purrr   0.3.4
✓ tibble  3.0.3     ✓ dplyr   1.0.1
✓ tidyr   1.1.1     ✓ stringr 1.4.0
✓ readr   1.3.1     ✓ forcats 0.5.0
── Conflicts ────────────────────────────────────────────────────────────────────────── tidyverse_conflicts() ──
x dplyr::filter() masks stats::filter()
x dplyr::lag()    masks stats::lag()
udunits system database from /Library/Frameworks/R.framework/Versions/4.0/Resources/library/units/share/udunits

Attaching package: 'plotly'

The following object is masked from 'package:ggplot2':

    last_plot

The following object is masked from 'package:stats':

    filter

The following object is masked from 'package:graphics':

    layout


  |                                                                            
  |.....................                                                 |  29%
  ordinary text without R code


  |                                                                            
  |.........................                                             |  35%
label: unnamed-chunk-3
trying URL 'https://firms.modaps.eosdis.nasa.gov/data/active_fire/suomi-npp-viirs-c2/shapes/zips/SUOMI_VIIRS_C2_Global_24h.zip'
Content type 'application/zip' length 5682363 bytes (5.4 MB)
==================================================
downloaded 5.4 MB



Execution halted
trying URL 'https://firms.modaps.eosdis.nasa.gov/data/active_fire/suomi-npp-viirs-c2/shapes/zips/SUOMI_VIIRS_C2_Global_24h.zip'
Content type 'application/zip' length 5682363 bytes (5.4 MB)
==================================================
downloaded 5.4 MB


Execution halted


processing file: wildfire_report.Rmd

  |                                                                            
  |                                                                      |   0%
  |                                                                            
  |....                                                                  |   6%
   inline R code fragments


  |                                                                            
  |........                                                              |  12%
label: unnamed-chunk-1 (with options) 
List of 1
 $ include: logi FALSE


  |                                                                            
  |............                                                          |  18%
  ordinary text without R code


  |                                                                            
  |................                                                      |  24%
label: unnamed-chunk-2
Linking to GEOS 3.8.1, GDAL 3.1.1, PROJ 6.3.1
── Attaching packages ─────────────────────────────────────────────────────────────────────── tidyverse 1.3.0 ──
✓ ggplot2 3.3.2     ✓ purrr   0.3.4
✓ tibble  3.0.3     ✓ dplyr   1.0.1
✓ tidyr   1.1.1     ✓ stringr 1.4.0
✓ readr   1.3.1     ✓ forcats 0.5.0
── Conflicts ────────────────────────────────────────────────────────────────────────── tidyverse_conflicts() ──
x dplyr::filter() masks stats::filter()
x dplyr::lag()    masks stats::lag()
udunits system database from /Library/Frameworks/R.framework/Versions/4.0/Resources/library/units/share/udunits

Attaching package: 'plotly'

The following object is masked from 'package:ggplot2':

    last_plot

The following object is masked from 'package:stats':

    filter

The following object is masked from 'package:graphics':

    layout


  |                                                                            
  |.....................                                                 |  29%
  ordinary text without R code


  |                                                                            
  |.........................                                             |  35%
label: unnamed-chunk-3


Execution halted


processing file: wildfire_report.Rmd

  |                                                                            
  |                                                                      |   0%
  |                                                                            
  |....                                                                  |   6%
   inline R code fragments


  |                                                                            
  |........                                                              |  12%
label: unnamed-chunk-1 (with options) 
List of 1
 $ include: logi FALSE


  |                                                                            
  |............                                                          |  18%
  ordinary text without R code


  |                                                                            
  |................                                                      |  24%
label: unnamed-chunk-2
Linking to GEOS 3.8.1, GDAL 3.1.1, PROJ 6.3.1
── Attaching packages ─────────────────────────────────────────────────────────────────────── tidyverse 1.3.0 ──
✓ ggplot2 3.3.2     ✓ purrr   0.3.4
✓ tibble  3.0.3     ✓ dplyr   1.0.1
✓ tidyr   1.1.1     ✓ stringr 1.4.0
✓ readr   1.3.1     ✓ forcats 0.5.0


Execution halted


processing file: wildfire_report.Rmd

  |                                                                            
  |                                                                      |   0%
  |                                                                            
  |....                                                                  |   6%
   inline R code fragments


  |                                                                            
  |........                                                              |  12%
label: unnamed-chunk-1 (with options) 
List of 1
 $ include: logi FALSE


  |                                                                            
  |............                                                          |  18%
  ordinary text without R code


  |                                                                            
  |................                                                      |  24%
label: unnamed-chunk-2
Linking to GEOS 3.8.1, GDAL 3.1.1, PROJ 6.3.1


Execution halted


processing file: wildfire_report.Rmd
  |                                                                              |                                                                      |   0%  |                                                                              |....                                                                  |   6%
   inline R code fragments

  |                                                                              |........                                                              |  12%
label: unnamed-chunk-1 (with options) 
List of 1
 $ include: logi FALSE

  |                                                                              |............                                                          |  18%
  ordinary text without R code

  |                                                                              |................                                                      |  24%
label: unnamed-chunk-2
Linking to GEOS 3.8.1, GDAL 3.1.1, PROJ 6.3.1


Execution halted


processing file: wildfire_report.Rmd
  |                                                                              |                                                                      |   0%  |                                                                              |....                                                                  |   6%
   inline R code fragments

  |                                                                              |........                                                              |  12%
label: unnamed-chunk-1 (with options) 
List of 1
 $ include: logi FALSE

  |                                                                              |............                                                          |  18%
  ordinary text without R code

  |                                                                              |................                                                      |  24%
label: unnamed-chunk-2
  |                                                                              |.....................                                                 |  29%
  ordinary text without R code

  |                                                                              |.........................                                             |  35%
label: unnamed-chunk-3
  |                                                                              |.............................                                         |  41%
  ordinary text without R code

  |                                                                              |.................................                                     |  47%
label: unnamed-chunk-4
Quitting from lines 43-61 (wildfire_report.Rmd) 
Error in USAboundaries::us_counties(resolution = "low") %>% st_transform(crs = 4326) %>%  : 
  could not find function "%>%"
Calls: <Anonymous> ... handle -> withCallingHandlers -> withVisible -> eval -> eval

Execution halted
trying URL 'https://firms.modaps.eosdis.nasa.gov/data/active_fire/suomi-npp-viirs-c2/shapes/zips/SUOMI_VIIRS_C2_Global_24h.zip'
Content type 'application/zip' length 5682363 bytes (5.4 MB)
==================================================
downloaded 5.4 MB


Execution halted
trying URL 'https://firms.modaps.eosdis.nasa.gov/data/active_fire/suomi-npp-viirs-c2/shapes/zips/SUOMI_VIIRS_C2_Global_24h.zip'
Content type 'application/zip' length 5682363 bytes (5.4 MB)
==================================================
downloaded 5.4 MB



processing file: wildfire_report.Rmd
  |                                                                              |                                                                      |   0%  |                                                                              |....                                                                  |   6%
   inline R code fragments

  |                                                                              |........                                                              |  12%
label: unnamed-chunk-1 (with options) 
List of 1
 $ include: logi FALSE

  |                                                                              |............                                                          |  18%
  ordinary text without R code

  |                                                                              |................                                                      |  24%
label: unnamed-chunk-2
  |                                                                              |.....................                                                 |  29%
  ordinary text without R code

  |                                                                              |.........................                                             |  35%
label: unnamed-chunk-3
  |                                                                              |.............................                                         |  41%
  ordinary text without R code

  |                                                                              |.................................                                     |  47%
label: unnamed-chunk-4
Quitting from lines 43-61 (wildfire_report.Rmd) 
Error in USAboundaries::us_counties(resolution = "low") %>% st_transform(crs = 4326) %>%  : 
  could not find function "%>%"
Calls: <Anonymous> ... handle -> withCallingHandlers -> withVisible -> eval -> eval

Execution halted
trying URL 'https://firms.modaps.eosdis.nasa.gov/data/active_fire/suomi-npp-viirs-c2/shapes/zips/SUOMI_VIIRS_C2_Global_24h.zip'

Execution halted
trying URL 'https://firms.modaps.eosdis.nasa.gov/data/active_fire/suomi-npp-viirs-c2/shapes/zips/SUOMI_VIIRS_C2_Global_24h.zip'
Content type 'application/zip' length 5682363 bytes (5.4 MB)
==================================================
downloaded 5.4 MB


Execution halted
trying URL 'https://firms.modaps.eosdis.nasa.gov/data/active_fire/suomi-npp-viirs-c2/shapes/zips/SUOMI_VIIRS_C2_Global_24h.zip'
Content type 'application/zip' length 5682363 bytes (5.4 MB)
==================================================
downloaded 5.4 MB


Execution halted
trying URL 'https://firms.modaps.eosdis.nasa.gov/data/active_fire/suomi-npp-viirs-c2/shapes/zips/SUOMI_VIIRS_C2_Global_24h.zip'
Content type 'application/zip' length 5682363 bytes (5.4 MB)
==================================================
downloaded 5.4 MB


Execution halted
[1] "error here 1"
[1] "error here 2"
trying URL 'https://firms.modaps.eosdis.nasa.gov/data/active_fire/suomi-npp-viirs-c2/shapes/zips/SUOMI_VIIRS_C2_Global_24h.zip'
Content type 'application/zip' length 5682363 bytes (5.4 MB)
==================================================
downloaded 5.4 MB

[1] "error here 3"
[1] "error here 4"
[1] "error here 5"


processing file: wildfire_report.Rmd
  |                                                                              |                                                                      |   0%  |                                                                              |....                                                                  |   6%
   inline R code fragments

  |                                                                              |........                                                              |  12%
label: unnamed-chunk-1 (with options) 
List of 1
 $ include: logi FALSE

  |                                                                              |............                                                          |  18%
  ordinary text without R code

  |                                                                              |................                                                      |  24%
label: unnamed-chunk-2
Linking to GEOS 3.8.1, GDAL 3.1.1, PROJ 6.3.1
── Attaching packages ─────────────────────────────────────────────────────────────────────── tidyverse 1.3.0 ──
✓ ggplot2 3.3.2     ✓ purrr   0.3.4
✓ tibble  3.0.3     ✓ dplyr   1.0.1
✓ tidyr   1.1.1     ✓ stringr 1.4.0
✓ readr   1.3.1     ✓ forcats 0.5.0
── Conflicts ────────────────────────────────────────────────────────────────────────── tidyverse_conflicts() ──
x dplyr::filter() masks stats::filter()
x dplyr::lag()    masks stats::lag()
udunits system database from /Library/Frameworks/R.framework/Versions/4.0/Resources/library/units/share/udunits

Attaching package: 'plotly'

The following object is masked from 'package:ggplot2':

    last_plot

The following object is masked from 'package:stats':

    filter

The following object is masked from 'package:graphics':

    layout

  |                                                                              |.....................                                                 |  29%
  ordinary text without R code

  |                                                                              |.........................                                             |  35%
label: unnamed-chunk-3
  |                                                                              |.............................                                         |  41%
  ordinary text without R code

  |                                                                              |.................................                                     |  47%
label: unnamed-chunk-4
Quitting from lines 43-61 (wildfire_report.Rmd) 
Error in UseMethod("st_filter") : 
  no applicable method for 'st_filter' applied to an object of class "function"
Calls: <Anonymous> ... withVisible -> eval -> eval -> %>% -> eval -> eval -> st_filter

Execution halted
[1] "error here 1"
[1] "error here 2"
trying URL 'https://firms.modaps.eosdis.nasa.gov/data/active_fire/suomi-npp-viirs-c2/shapes/zips/SUOMI_VIIRS_C2_Global_24h.zip'
Content type 'application/zip' length 5682363 bytes (5.4 MB)
==================================================
downloaded 5.4 MB

[1] "error here 3"

Execution halted
[1] "error here 1"
[1] "error here 2"
trying URL 'https://firms.modaps.eosdis.nasa.gov/data/active_fire/suomi-npp-viirs-c2/shapes/zips/SUOMI_VIIRS_C2_Global_24h.zip'
Content type 'application/zip' length 5682363 bytes (5.4 MB)
==================================================
downloaded 5.4 MB

[1] "error here 3"

Execution halted
[1] "error here 1"
[1] "error here 2"
trying URL 'https://firms.modaps.eosdis.nasa.gov/data/active_fire/suomi-npp-viirs-c2/shapes/zips/SUOMI_VIIRS_C2_Global_24h.zip'
Content type 'application/zip' length 5682363 bytes (5.4 MB)
==================================================
downloaded 5.4 MB

[1] "error here 3"

Execution halted
[1] "error here 1"
[1] "error here 2"
trying URL 'https://firms.modaps.eosdis.nasa.gov/data/active_fire/suomi-npp-viirs-c2/shapes/zips/SUOMI_VIIRS_C2_Global_24h.zip'
Content type 'application/zip' length 5682363 bytes (5.4 MB)
==================================================
downloaded 5.4 MB

[1] "error here 3"

Execution halted
[1] "error here 1"
[1] "error here 2"
trying URL 'https://firms.modaps.eosdis.nasa.gov/data/active_fire/suomi-npp-viirs-c2/shapes/zips/SUOMI_VIIRS_C2_Global_24h.zip'
Content type 'application/zip' length 5682363 bytes (5.4 MB)
==================================================
downloaded 5.4 MB

[1] "error here 3"
[1] "error here 4"
[1] "error here 5"

Execution halted
[1] "error here 1"
[1] "error here 2"
trying URL 'https://firms.modaps.eosdis.nasa.gov/data/active_fire/suomi-npp-viirs-c2/shapes/zips/SUOMI_VIIRS_C2_Global_24h.zip'
Content type 'application/zip' length 5682363 bytes (5.4 MB)
==================================================
downloaded 5.4 MB

[1] "error here 3"
[1] "error here 4"
[1] "error here 5"


processing file: wildfire_report.Rmd
  |                                                                              |                                                                      |   0%  |                                                                              |....                                                                  |   6%
   inline R code fragments

  |                                                                              |........                                                              |  12%
label: unnamed-chunk-1 (with options) 
List of 1
 $ include: logi FALSE

  |                                                                              |............                                                          |  18%
  ordinary text without R code

  |                                                                              |................                                                      |  24%
label: unnamed-chunk-2
Linking to GEOS 3.8.1, GDAL 3.1.1, PROJ 6.3.1
── Attaching packages ─────────────────────────────────────────────────────────────────────── tidyverse 1.3.0 ──
✓ ggplot2 3.3.2     ✓ purrr   0.3.4
✓ tibble  3.0.3     ✓ dplyr   1.0.1
✓ tidyr   1.1.1     ✓ stringr 1.4.0
✓ readr   1.3.1     ✓ forcats 0.5.0
── Conflicts ────────────────────────────────────────────────────────────────────────── tidyverse_conflicts() ──
x dplyr::filter() masks stats::filter()
x dplyr::lag()    masks stats::lag()
udunits system database from /Library/Frameworks/R.framework/Versions/4.0/Resources/library/units/share/udunits

Attaching package: 'plotly'

The following object is masked from 'package:ggplot2':

    last_plot

The following object is masked from 'package:stats':

    filter

The following object is masked from 'package:graphics':

    layout

  |                                                                              |.....................                                                 |  29%
  ordinary text without R code

  |                                                                              |.........................                                             |  35%
label: unnamed-chunk-3


Execution halted
[1] "no error here 1"
[1] "no error here 2"
trying URL 'https://firms.modaps.eosdis.nasa.gov/data/active_fire/suomi-npp-viirs-c2/shapes/zips/SUOMI_VIIRS_C2_Global_24h.zip'
Content type 'application/zip' length 5682363 bytes (5.4 MB)
==================================================
downloaded 5.4 MB

[1] "no error here 3"

Execution halted
[1] "no error here 1"
[1] "no error here 2"
trying URL 'https://firms.modaps.eosdis.nasa.gov/data/active_fire/suomi-npp-viirs-c2/shapes/zips/SUOMI_VIIRS_C2_Global_24h.zip'
Content type 'application/zip' length 5682363 bytes (5.4 MB)
==================================================
downloaded 5.4 MB

[1] "no error here 3"
[1] "no error here 4"
[1] "no error here 5"


processing file: wildfire_report.Rmd
  |                                                                              |                                                                      |   0%  |                                                                              |....                                                                  |   6%
   inline R code fragments

  |                                                                              |........                                                              |  12%
label: unnamed-chunk-1 (with options) 
List of 1
 $ include: logi FALSE

  |                                                                              |............                                                          |  18%
  ordinary text without R code

  |                                                                              |................                                                      |  24%
label: unnamed-chunk-2
Linking to GEOS 3.8.1, GDAL 3.1.1, PROJ 6.3.1
── Attaching packages ─────────────────────────────────────────────────────────────────────── tidyverse 1.3.0 ──
✓ ggplot2 3.3.2     ✓ purrr   0.3.4
✓ tibble  3.0.3     ✓ dplyr   1.0.1
✓ tidyr   1.1.1     ✓ stringr 1.4.0
✓ readr   1.3.1     ✓ forcats 0.5.0
── Conflicts ────────────────────────────────────────────────────────────────────────── tidyverse_conflicts() ──
x dplyr::filter() masks stats::filter()
x dplyr::lag()    masks stats::lag()
udunits system database from /Library/Frameworks/R.framework/Versions/4.0/Resources/library/units/share/udunits

Attaching package: 'plotly'

The following object is masked from 'package:ggplot2':

    last_plot

The following object is masked from 'package:stats':

    filter

The following object is masked from 'package:graphics':

    layout

  |                                                                              |.....................                                                 |  29%
  ordinary text without R code

  |                                                                              |.........................                                             |  35%
label: unnamed-chunk-3


Execution halted
[1] "no error here 1"
[1] "no error here 2"
trying URL 'https://firms.modaps.eosdis.nasa.gov/data/active_fire/suomi-npp-viirs-c2/shapes/zips/SUOMI_VIIRS_C2_Global_24h.zip'
Content type 'application/zip' length 5682363 bytes (5.4 MB)
==================================================
downloaded 5.4 MB

[1] "no error here 3"

Execution halted
[1] "no error here 1"
[1] "no error here 2"
trying URL 'https://firms.modaps.eosdis.nasa.gov/data/active_fire/suomi-npp-viirs-c2/shapes/zips/SUOMI_VIIRS_C2_Global_24h.zip'
Content type 'application/zip' length 5682363 bytes (5.4 MB)
==================================================
downloaded 5.4 MB

[1] "no error here 3"

Execution halted
[1] "no error here 1"
[1] "no error here 2"
trying URL 'https://firms.modaps.eosdis.nasa.gov/data/active_fire/suomi-npp-viirs-c2/shapes/zips/SUOMI_VIIRS_C2_Global_24h.zip'
Content type 'application/zip' length 5682363 bytes (5.4 MB)
==================================================
downloaded 5.4 MB

[1] "no error here 3"

Execution halted
